17:15:55.282 [main] INFO  api.test.UserTests - *************Creating the stage**************
17:15:59.898 [main] INFO  api.test.UserTests - ************Stage created successfully*********
17:15:59.924 [main] INFO  api.test.UserTests - *************Updating the stage**************
17:16:01.085 [main] INFO  api.test.UserTests - *************Stage updated successfully**************
17:16:01.097 [main] INFO  api.test.UserTests - *************Deleting the stage**************
17:16:02.199 [main] INFO  api.test.UserTests - *************Stage deleted successfully**************
17:16:02.210 [main] INFO  api.test.UserTests - *************Fetching the stages**************
17:16:03.316 [main] INFO  api.test.UserTests - *************Stage fetched successfully**************
17:19:39.983 [main] DEBUG api.test.UserTests - Current log level: DEBUG
17:19:40.007 [main] INFO  api.test.UserTests - *************Creating the stage**************
17:19:43.927 [main] INFO  api.test.UserTests - ************Stage created successfully*********
17:19:43.947 [main] INFO  api.test.UserTests - *************Updating the stage**************
17:19:44.981 [main] INFO  api.test.UserTests - *************Stage updated successfully**************
17:19:44.993 [main] INFO  api.test.UserTests - *************Deleting the stage**************
17:19:46.148 [main] INFO  api.test.UserTests - *************Stage deleted successfully**************
17:19:46.160 [main] INFO  api.test.UserTests - *************Fetching the stages**************
17:19:47.238 [main] INFO  api.test.UserTests - *************Stage fetched successfully**************
17:22:54.423 [main] INFO  api.test.UserTests - *************Creating the stage**************
17:22:58.329 [main] INFO  api.test.UserTests - ************Stage created successfully*********
17:22:58.350 [main] INFO  api.test.UserTests - *************Updating the stage**************
17:22:59.501 [main] INFO  api.test.UserTests - *************Stage updated successfully**************
17:22:59.515 [main] INFO  api.test.UserTests - *************Deleting the stage**************
17:23:00.633 [main] INFO  api.test.UserTests - *************Stage deleted successfully**************
17:23:00.643 [main] INFO  api.test.UserTests - *************Fetching the stages**************
17:23:01.725 [main] INFO  api.test.UserTests - *************Stage fetched successfully**************
17:29:40.566 [main] INFO  api.test.UserTests - *************Creating the stage**************
17:29:44.785 [main] INFO  api.test.UserTests - ************Stage created successfully*********
17:29:44.814 [main] INFO  api.test.UserTests - *************Updating the stage**************
17:29:45.955 [main] INFO  api.test.UserTests - *************Stage updated successfully**************
17:29:45.963 [main] INFO  api.test.UserTests - *************Deleting the stage**************
17:29:47.064 [main] INFO  api.test.UserTests - *************Stage deleted successfully**************
17:29:47.079 [main] INFO  api.test.UserTests - *************Fetching the stages**************
17:29:48.260 [main] INFO  api.test.UserTests - *************Stage fetched successfully**************
17:41:48,417 [main] INFO  api.test.UserTests - *************Creating the stage**************
17:41:52,481 [main] INFO  api.test.UserTests - ************Stage created successfully*********
17:41:52,510 [main] INFO  api.test.UserTests - *************Updating the stage**************
17:41:53,587 [main] INFO  api.test.UserTests - *************Stage updated successfully**************
17:41:53,599 [main] INFO  api.test.UserTests - *************Deleting the stage**************
17:41:54,623 [main] INFO  api.test.UserTests - *************Stage deleted successfully**************
17:41:54,632 [main] INFO  api.test.UserTests - *************Fetching the stages**************
17:41:55,930 [main] INFO  api.test.UserTests - *************Stage fetched successfully**************
12:35:07,148 [main] INFO  api.test.UserTests2 - *************Creating the stage**************
12:35:12,064 [main] INFO  api.test.UserTests2 - ************Stage created successfully*********
12:35:12,133 [main] INFO  api.test.UserTests2 - *************Updating the stage**************
12:35:13,322 [main] INFO  api.test.UserTests2 - *************Stage updated successfully**************
12:35:13,334 [main] INFO  api.test.UserTests2 - *************Deleting the stage**************
12:35:14,881 [main] INFO  api.test.UserTests2 - *************Fetching the stages**************
12:35:15,991 [main] INFO  api.test.UserTests2 - *************Stage fetched successfully**************
12:36:00,480 [main] INFO  api.test.UserTests2 - *************Creating the stage**************
12:36:04,792 [main] INFO  api.test.UserTests2 - ************Stage created successfully*********
12:36:04,820 [main] INFO  api.test.UserTests2 - *************Updating the stage**************
12:36:06,039 [main] INFO  api.test.UserTests2 - *************Stage updated successfully**************
12:36:06,048 [main] INFO  api.test.UserTests2 - *************Deleting the stage**************
12:36:07,504 [main] INFO  api.test.UserTests2 - *************Fetching the stages**************
12:36:08,634 [main] INFO  api.test.UserTests2 - *************Stage fetched successfully**************
16:30:52,396 [main] INFO  api.test.UserTests2 - *************Creating the stage**************
16:30:57,033 [main] INFO  api.test.UserTests2 - ************Stage created successfully*********
16:30:57,060 [main] INFO  api.test.UserTests2 - *************Updating the stage**************
16:30:58,093 [main] INFO  api.test.UserTests2 - *************Stage updated successfully**************
16:30:58,098 [main] INFO  api.test.UserTests2 - *************Deleting the stage**************
16:30:59,489 [main] INFO  api.test.UserTests2 - *************Fetching the stages**************
16:31:00,794 [main] INFO  api.test.UserTests2 - *************Stage fetched successfully**************
16:34:32,314 [main] INFO  api.test.UserTests2 - *************Creating the stage**************
16:34:36,483 [main] INFO  api.test.UserTests2 - ************Stage created successfully*********
16:34:36,504 [main] INFO  api.test.UserTests2 - *************Updating the stage**************
16:34:37,599 [main] INFO  api.test.UserTests2 - *************Stage updated successfully**************
16:34:37,604 [main] INFO  api.test.UserTests2 - *************Deleting the stage**************
16:34:38,655 [main] INFO  api.test.UserTests2 - *************Stage deleted successfully**************
16:34:38,660 [main] INFO  api.test.UserTests2 - *************Fetching the stages**************
16:34:39,812 [main] INFO  api.test.UserTests2 - *************Stage fetched successfully**************
23:40:14,797 [main] INFO  api.test.UserTests2 - *************Creating the stage**************
23:40:19,808 [main] INFO  api.test.UserTests2 - ************Stage created successfully*********
23:40:19,831 [main] INFO  api.test.UserTests2 - *************Updating the stage**************
23:40:21,278 [main] INFO  api.test.UserTests2 - *************Stage updated successfully**************
23:40:21,287 [main] INFO  api.test.UserTests2 - *************Deleting the stage**************
23:40:22,527 [main] INFO  api.test.UserTests2 - *************Stage deleted successfully**************
23:40:22,536 [main] INFO  api.test.UserTests2 - *************Fetching the stages**************
23:40:24,154 [main] INFO  api.test.UserTests2 - *************Stage fetched successfully**************
23:51:39,530 [main] INFO  api.test.UserTests2 - *************Creating the stage**************
23:51:44,267 [main] INFO  api.test.UserTests2 - ************Stage created successfully*********
23:51:44,272 [main] INFO  api.test.UserTests2 - *************Updating the stage**************
23:51:45,370 [main] INFO  api.test.UserTests2 - *************Stage updated successfully**************
23:51:45,374 [main] INFO  api.test.UserTests2 - *************Deleting the stage**************
23:51:46,510 [main] INFO  api.test.UserTests2 - *************Stage deleted successfully**************
23:51:46,513 [main] INFO  api.test.UserTests2 - *************Fetching the stages**************
23:51:47,803 [main] INFO  api.test.UserTests2 - *************Stage fetched successfully**************
